This file contains any messages produced by compilers while
running configure, to aid debugging if configure makes a mistake.

It was created by dime configure 0.9.1, which was
generated by GNU Autoconf 2.57.  Invocation command line was

  $ ./configure 

## --------- ##
## Platform. ##
## --------- ##

hostname = zxmcr50
uname -m = i686
uname -r = 1.3.21(0.77/3/2)
uname -s = CYGWIN_NT-5.1
uname -v = 2003-03-12 00:24

/usr/bin/uname -p = unknown
/bin/uname -X     = unknown

/bin/arch              = unknown
/usr/bin/arch -k       = unknown
/usr/convex/getsysinfo = unknown
hostinfo               = unknown
/bin/machine           = unknown
/usr/bin/oslevel       = unknown
/bin/universe          = unknown

PATH: /usr/local/bin
PATH: /usr/bin
PATH: /bin
PATH: /cygdrive/c/Daten/Applications/Graphic/AliasWavefront/Maya 4.5 Personal Learning Edition/bin
PATH: /cygdrive/c/Daten/lang/cpp/watcom/BINNT
PATH: /cygdrive/c/Daten/lang/cpp/watcom/BINW
PATH: /cygdrive/c/j2sdk1.4.0-beta3/bin
PATH: /cygdrive/c/texmf/miktex/bin
PATH: /cygdrive/c/WINDOWS/system32
PATH: /cygdrive/c/WINDOWS
PATH: /cygdrive/c/WINDOWS/System32/Wbem
PATH: /cygdrive/c/Daten/Tools/Conv/Polytrans/
PATH: /cygdrive/c/Daten/Tools/Conv/Polytrans/System
PATH: /cygdrive/c/Daten/lang/CPP/Borland/BCC55/Bin
PATH: /cygdrive/c/Daten/lang/Fortran/FortranPlus Version 2/dll
PATH: /cygdrive/c/Daten/lang/Fortran/FortranPlus Version 2/bin
PATH: /cygdrive/c/Daten/Stefan/bin
PATH: /cygdrive/c/ssh
PATH: /usr/X11R6/bin


## ----------- ##
## Core tests. ##
## ----------- ##

configure:1520: checking build system type
configure:1538: result: i686-pc-cygwin
configure:1546: checking host system type
configure:1560: result: i686-pc-cygwin
configure:1568: checking target system type
configure:1582: result: i686-pc-cygwin
configure:1678: checking for gcc
configure:1694: found /usr/bin/gcc
configure:1704: result: gcc
configure:1948: checking for C compiler version
configure:1951: gcc --version </dev/null >&5
gcc (GCC) 3.2 20020927 (prerelease)
Copyright (C) 2002 Free Software Foundation, Inc.
This is free software; see the source for copying conditions.  There is NO
warranty; not even for MERCHANTABILITY or FITNESS FOR A PARTICULAR PURPOSE.

configure:1954: $? = 0
configure:1956: gcc -v </dev/null >&5
Reading specs from /usr/lib/gcc-lib/i686-pc-cygwin/3.2/specs
Configured with: /netrel/src/gcc-3.2-3/configure --enable-languages=c,c++,f77,java --enable-libgcj --enable-threads=posix --with-system-zlib --enable-nls --without-included-gettext --enable-interpreter --disable-sjlj-exceptions --disable-version-specific-runtime-libs --enable-shared --build=i686-pc-linux --host=i686-pc-cygwin --target=i686-pc-cygwin --enable-haifa --prefix=/usr --exec-prefix=/usr --sysconfdir=/etc --libdir=/usr/lib --includedir=/nonexistent/include --libexecdir=/usr/sbin
Thread model: posix
gcc version 3.2 20020927 (prerelease)
configure:1959: $? = 0
configure:1961: gcc -V </dev/null >&5
gcc: argument to `-V' is missing
configure:1964: $? = 1
configure:1988: checking for C compiler default output
configure:1991: gcc    conftest.c  >&5
configure:1994: $? = 0
configure:2040: result: a.exe
configure:2045: checking whether the C compiler works
configure:2051: ./a.exe
configure:2054: $? = 0
configure:2071: result: yes
configure:2078: checking whether we are cross compiling
configure:2080: result: no
configure:2083: checking for suffix of executables
configure:2085: gcc -o conftest.exe    conftest.c  >&5
configure:2088: $? = 0
configure:2113: result: .exe
configure:2119: checking for suffix of object files
configure:2141: gcc -c   conftest.c >&5
configure:2144: $? = 0
configure:2166: result: o
configure:2170: checking whether we are using the GNU C compiler
configure:2195: gcc -c   conftest.c >&5
configure:2198: $? = 0
configure:2201: test -s conftest.o
configure:2204: $? = 0
configure:2217: result: yes
configure:2223: checking whether gcc accepts -g
configure:2245: gcc -c -g  conftest.c >&5
configure:2248: $? = 0
configure:2251: test -s conftest.o
configure:2254: $? = 0
configure:2265: result: yes
configure:2282: checking for gcc option to accept ANSI C
configure:2343: gcc  -c -g -O2  conftest.c >&5
configure:2346: $? = 0
configure:2349: test -s conftest.o
configure:2352: $? = 0
configure:2370: result: none needed
configure:2388: gcc -c -g -O2  conftest.c >&5
conftest.c:2: parse error before "me"
configure:2391: $? = 1
configure: failed program was:
| #ifndef __cplusplus
|   choke me
| #endif
configure:2505: checking how to run the C preprocessor
configure:2541: gcc -E  conftest.c
configure:2547: $? = 0
configure:2579: gcc -E  conftest.c
configure:2578:28: ac_nonexistent.h: No such file or directory
configure:2585: $? = 1
configure: failed program was:
| #line 2570 "configure"
| /* confdefs.h.  */
| 
| #define PACKAGE_NAME "dime"
| #define PACKAGE_TARNAME "dime"
| #define PACKAGE_VERSION "0.9.1"
| #define PACKAGE_STRING "dime 0.9.1"
| #define PACKAGE_BUGREPORT "dime-support@coin3d.org"
| /* end confdefs.h.  */
| #include <ac_nonexistent.h>
configure:2623: result: gcc -E
configure:2648: gcc -E  conftest.c
configure:2654: $? = 0
configure:2686: gcc -E  conftest.c
configure:2685:28: ac_nonexistent.h: No such file or directory
configure:2692: $? = 1
configure: failed program was:
| #line 2677 "configure"
| /* confdefs.h.  */
| 
| #define PACKAGE_NAME "dime"
| #define PACKAGE_TARNAME "dime"
| #define PACKAGE_VERSION "0.9.1"
| #define PACKAGE_STRING "dime 0.9.1"
| #define PACKAGE_BUGREPORT "dime-support@coin3d.org"
| /* end confdefs.h.  */
| #include <ac_nonexistent.h>
configure:2786: checking for g++
configure:2802: found /usr/bin/g++
configure:2812: result: g++
configure:2828: checking for C++ compiler version
configure:2831: g++ --version </dev/null >&5
g++ (GCC) 3.2 20020927 (prerelease)
Copyright (C) 2002 Free Software Foundation, Inc.
This is free software; see the source for copying conditions.  There is NO
warranty; not even for MERCHANTABILITY or FITNESS FOR A PARTICULAR PURPOSE.

configure:2834: $? = 0
configure:2836: g++ -v </dev/null >&5
Reading specs from /usr/lib/gcc-lib/i686-pc-cygwin/3.2/specs
Configured with: /netrel/src/gcc-3.2-3/configure --enable-languages=c,c++,f77,java --enable-libgcj --enable-threads=posix --with-system-zlib --enable-nls --without-included-gettext --enable-interpreter --disable-sjlj-exceptions --disable-version-specific-runtime-libs --enable-shared --build=i686-pc-linux --host=i686-pc-cygwin --target=i686-pc-cygwin --enable-haifa --prefix=/usr --exec-prefix=/usr --sysconfdir=/etc --libdir=/usr/lib --includedir=/nonexistent/include --libexecdir=/usr/sbin
Thread model: posix
gcc version 3.2 20020927 (prerelease)
configure:2839: $? = 0
configure:2841: g++ -V </dev/null >&5
g++: argument to `-V' missing

configure:2844: $? = 1
configure:2847: checking whether we are using the GNU C++ compiler
configure:2872: g++ -c   conftest.cc >&5
configure:2875: $? = 0
configure:2878: test -s conftest.o
configure:2881: $? = 0
configure:2894: result: yes
configure:2900: checking whether g++ accepts -g
configure:2922: g++ -c -g  conftest.cc >&5
configure:2925: $? = 0
configure:2928: test -s conftest.o
configure:2931: $? = 0
configure:2942: result: yes
configure:2986: g++ -c -g -O2  conftest.cc >&5
configure:2989: $? = 0
configure:2992: test -s conftest.o
configure:2995: $? = 0
configure:3022: g++ -c -g -O2  conftest.cc >&5
configure: In function `int main()':
configure:3017: `exit' undeclared (first use this function)
configure:3017: (Each undeclared identifier is reported only once for each 
   function it appears in.)
configure:3025: $? = 1
configure: failed program was:
| #line 3005 "configure"
| /* confdefs.h.  */
| 
| #define PACKAGE_NAME "dime"
| #define PACKAGE_TARNAME "dime"
| #define PACKAGE_VERSION "0.9.1"
| #define PACKAGE_STRING "dime 0.9.1"
| #define PACKAGE_BUGREPORT "dime-support@coin3d.org"
| /* end confdefs.h.  */
| 
| int
| main ()
| {
| exit (42);
|   ;
|   return 0;
| }
configure:2986: g++ -c -g -O2  conftest.cc >&5
configure:2989: $? = 0
configure:2992: test -s conftest.o
configure:2995: $? = 0
configure:3022: g++ -c -g -O2  conftest.cc >&5
configure:3025: $? = 0
configure:3028: test -s conftest.o
configure:3031: $? = 0
configure:3059: checking how to run the C++ preprocessor
configure:3091: g++ -E  conftest.cc
configure:3097: $? = 0
configure:3129: g++ -E  conftest.cc
configure:3131:28: ac_nonexistent.h: No such file or directory
configure:3135: $? = 1
configure: failed program was:
| #line 3120 "configure"
| /* confdefs.h.  */
| 
| #define PACKAGE_NAME "dime"
| #define PACKAGE_TARNAME "dime"
| #define PACKAGE_VERSION "0.9.1"
| #define PACKAGE_STRING "dime 0.9.1"
| #define PACKAGE_BUGREPORT "dime-support@coin3d.org"
| #ifdef __cplusplus
| #include <stdlib.h>
| #endif
| /* end confdefs.h.  */
| #include <ac_nonexistent.h>
configure:3173: result: g++ -E
configure:3198: g++ -E  conftest.cc
configure:3204: $? = 0
configure:3236: g++ -E  conftest.cc
configure:3238:28: ac_nonexistent.h: No such file or directory
configure:3242: $? = 1
configure: failed program was:
| #line 3227 "configure"
| /* confdefs.h.  */
| 
| #define PACKAGE_NAME "dime"
| #define PACKAGE_TARNAME "dime"
| #define PACKAGE_VERSION "0.9.1"
| #define PACKAGE_STRING "dime 0.9.1"
| #define PACKAGE_BUGREPORT "dime-support@coin3d.org"
| #ifdef __cplusplus
| #include <stdlib.h>
| #endif
| /* end confdefs.h.  */
| #include <ac_nonexistent.h>
configure:3330: checking for a BSD-compatible install
configure:3384: result: /usr/bin/install -c
configure:3395: checking whether build environment is sane
configure:3438: result: yes
configure:3471: checking for gawk
configure:3487: found /usr/bin/gawk
configure:3497: result: gawk
configure:3507: checking whether make sets $(MAKE)
configure:3527: result: yes
configure:3556: checking for style of include used by make
configure:3584: result: GNU
configure:3756: checking dependency style of gcc
configure:3824: result: gcc3
configure:3843: checking dependency style of g++
configure:3911: result: gcc3
configure:3956: checking whether to enable maintainer-specific portions of Makefiles
configure:3965: result: no
configure:4034: checking for a sed that does not truncate output
configure:4088: result: /usr/bin/sed
configure:4091: checking for egrep
configure:4101: result: grep -E
configure:4117: checking for ld used by GCC
configure:4184: result: /usr/i686-pc-cygwin/bin/ld.exe
configure:4193: checking if the linker (/usr/i686-pc-cygwin/bin/ld.exe) is GNU ld
configure:4208: result: yes
configure:4213: checking for /usr/i686-pc-cygwin/bin/ld.exe option to reload object files
configure:4220: result: -r
configure:4229: checking for BSD-compatible nm
configure:4271: result: /usr/bin/nm -B
configure:4275: checking whether ln -s works
configure:4279: result: yes
configure:4286: checking how to recognise dependent libraries
configure:4484: result: file_magic ^x86 archive import|^x86 DLL
configure:4670: checking for ANSI C header files
configure:4696: g++ -c -g -O2  conftest.cc >&5
configure:4699: $? = 0
configure:4702: test -s conftest.o
configure:4705: $? = 0
configure:4794: g++ -o conftest.exe -g -O2   conftest.cc  >&5
configure:4797: $? = 0
configure:4799: ./conftest.exe
configure:4802: $? = 0
configure:4817: result: yes
configure:4841: checking for sys/types.h
configure:4858: g++ -c -g -O2  conftest.cc >&5
configure:4861: $? = 0
configure:4864: test -s conftest.o
configure:4867: $? = 0
configure:4878: result: yes
configure:4841: checking for sys/stat.h
configure:4858: g++ -c -g -O2  conftest.cc >&5
configure:4861: $? = 0
configure:4864: test -s conftest.o
configure:4867: $? = 0
configure:4878: result: yes
configure:4841: checking for stdlib.h
configure:4858: g++ -c -g -O2  conftest.cc >&5
configure:4861: $? = 0
configure:4864: test -s conftest.o
configure:4867: $? = 0
configure:4878: result: yes
configure:4841: checking for string.h
configure:4858: g++ -c -g -O2  conftest.cc >&5
configure:4861: $? = 0
configure:4864: test -s conftest.o
configure:4867: $? = 0
configure:4878: result: yes
configure:4841: checking for memory.h
configure:4858: g++ -c -g -O2  conftest.cc >&5
configure:4861: $? = 0
configure:4864: test -s conftest.o
configure:4867: $? = 0
configure:4878: result: yes
configure:4841: checking for strings.h
configure:4858: g++ -c -g -O2  conftest.cc >&5
configure:4861: $? = 0
configure:4864: test -s conftest.o
configure:4867: $? = 0
configure:4878: result: yes
configure:4841: checking for inttypes.h
configure:4858: g++ -c -g -O2  conftest.cc >&5
configure:4901:22: inttypes.h: No such file or directory
configure:4861: $? = 1
configure: failed program was:
| #line 4846 "configure"
| /* confdefs.h.  */
| 
| #define PACKAGE_NAME "dime"
| #define PACKAGE_TARNAME "dime"
| #define PACKAGE_VERSION "0.9.1"
| #define PACKAGE_STRING "dime 0.9.1"
| #define PACKAGE_BUGREPORT "dime-support@coin3d.org"
| #ifdef __cplusplus
| #include <stdlib.h>
| #endif
| #define PACKAGE "libdime"
| #define VERSION "0.9.1"
| #define STDC_HEADERS 1
| #define HAVE_SYS_TYPES_H 1
| #define HAVE_SYS_STAT_H 1
| #define HAVE_STDLIB_H 1
| #define HAVE_STRING_H 1
| #define HAVE_MEMORY_H 1
| #define HAVE_STRINGS_H 1
| /* end confdefs.h.  */
| #include <stdio.h>
| #if HAVE_SYS_TYPES_H
| # include <sys/types.h>
| #endif
| #if HAVE_SYS_STAT_H
| # include <sys/stat.h>
| #endif
| #if STDC_HEADERS
| # include <stdlib.h>
| # include <stddef.h>
| #else
| # if HAVE_STDLIB_H
| #  include <stdlib.h>
| # endif
| #endif
| #if HAVE_STRING_H
| # if !STDC_HEADERS && HAVE_MEMORY_H
| #  include <memory.h>
| # endif
| # include <string.h>
| #endif
| #if HAVE_STRINGS_H
| # include <strings.h>
| #endif
| #if HAVE_INTTYPES_H
| # include <inttypes.h>
| #else
| # if HAVE_STDINT_H
| #  include <stdint.h>
| # endif
| #endif
| #if HAVE_UNISTD_H
| # include <unistd.h>
| #endif
| 
| #include <inttypes.h>
configure:4878: result: no
configure:4841: checking for stdint.h
configure:4858: g++ -c -g -O2  conftest.cc >&5
configure:4901:20: stdint.h: No such file or directory
configure:4861: $? = 1
configure: failed program was:
| #line 4846 "configure"
| /* confdefs.h.  */
| 
| #define PACKAGE_NAME "dime"
| #define PACKAGE_TARNAME "dime"
| #define PACKAGE_VERSION "0.9.1"
| #define PACKAGE_STRING "dime 0.9.1"
| #define PACKAGE_BUGREPORT "dime-support@coin3d.org"
| #ifdef __cplusplus
| #include <stdlib.h>
| #endif
| #define PACKAGE "libdime"
| #define VERSION "0.9.1"
| #define STDC_HEADERS 1
| #define HAVE_SYS_TYPES_H 1
| #define HAVE_SYS_STAT_H 1
| #define HAVE_STDLIB_H 1
| #define HAVE_STRING_H 1
| #define HAVE_MEMORY_H 1
| #define HAVE_STRINGS_H 1
| /* end confdefs.h.  */
| #include <stdio.h>
| #if HAVE_SYS_TYPES_H
| # include <sys/types.h>
| #endif
| #if HAVE_SYS_STAT_H
| # include <sys/stat.h>
| #endif
| #if STDC_HEADERS
| # include <stdlib.h>
| # include <stddef.h>
| #else
| # if HAVE_STDLIB_H
| #  include <stdlib.h>
| # endif
| #endif
| #if HAVE_STRING_H
| # if !STDC_HEADERS && HAVE_MEMORY_H
| #  include <memory.h>
| # endif
| # include <string.h>
| #endif
| #if HAVE_STRINGS_H
| # include <strings.h>
| #endif
| #if HAVE_INTTYPES_H
| # include <inttypes.h>
| #else
| # if HAVE_STDINT_H
| #  include <stdint.h>
| # endif
| #endif
| #if HAVE_UNISTD_H
| # include <unistd.h>
| #endif
| 
| #include <stdint.h>
configure:4878: result: no
configure:4841: checking for unistd.h
configure:4858: g++ -c -g -O2  conftest.cc >&5
configure:4861: $? = 0
configure:4864: test -s conftest.o
configure:4867: $? = 0
configure:4878: result: yes
configure:4904: checking dlfcn.h usability
configure:4917: g++ -c -g -O2  conftest.cc >&5
configure:4920: $? = 0
configure:4923: test -s conftest.o
configure:4926: $? = 0
configure:4936: result: yes
configure:4940: checking dlfcn.h presence
configure:4951: g++ -E  conftest.cc
configure:4957: $? = 0
configure:4976: result: yes
configure:5012: checking for dlfcn.h
configure:5019: result: yes
configure:5084: checking for g77
configure:5100: found /usr/bin/g77
configure:5110: result: g77
configure:5128: checking for Fortran 77 compiler version
configure:5128: g77 --version </dev/null >&5
GNU Fortran (GCC 3.2 20020927 (prerelease)) 3.2 20020927 (prerelease)
Copyright (C) 2002 Free Software Foundation, Inc.

GNU Fortran comes with NO WARRANTY, to the extent permitted by law.
You may redistribute copies of GNU Fortran
under the terms of the GNU General Public License.
For more information about these matters, see the file named COPYING
or type the command `info -f g77 Copying'.
configure:5131: $? = 0
configure:5133: g77 -v </dev/null >&5
Reading specs from /usr/lib/gcc-lib/i686-pc-cygwin/3.2/specs
Configured with: /netrel/src/gcc-3.2-3/configure --enable-languages=c,c++,f77,java --enable-libgcj --enable-threads=posix --with-system-zlib --enable-nls --without-included-gettext --enable-interpreter --disable-sjlj-exceptions --disable-version-specific-runtime-libs --enable-shared --build=i686-pc-linux --host=i686-pc-cygwin --target=i686-pc-cygwin --enable-haifa --prefix=/usr --exec-prefix=/usr --sysconfdir=/etc --libdir=/usr/lib --includedir=/nonexistent/include --libexecdir=/usr/sbin
Thread model: posix
gcc version 3.2 20020927 (prerelease)
configure:5136: $? = 0
configure:5138: g77 -V </dev/null >&5
g77: argument to `-V' missing
configure:5141: $? = 1
configure:5148: checking whether we are using the GNU Fortran 77 compiler
configure:5162: g77 -c  conftest.F >&5
configure:5165: $? = 0
configure:5168: test -s conftest.o
configure:5171: $? = 0
configure:5184: result: yes
configure:5191: checking whether g77 accepts -g
configure:5203: g77 -c -g conftest.f >&5
configure:5206: $? = 0
configure:5209: test -s conftest.o
configure:5212: $? = 0
configure:5224: result: yes
configure:5252: checking the maximum length of command line arguments
configure:5311: result: 8192
configure:5322: checking command to parse /usr/bin/nm -B output from gcc object
configure:5411: g++ -c -g -O2  conftest.cc >&5
configure:5414: $? = 0
configure:5418: /usr/bin/nm -B conftest.o \| sed -n -e 's/^.*[ 	]\([ABCDGISTW][ABCDGISTW]*\)[ 	][ 	]*\(\)\([_A-Za-z][_A-Za-z0-9]*\)$/\1 \2\3 \3/p' \> conftest.nm
configure:5421: $? = 0
cannot find nm_test_var in conftest.nm
configure:5411: g++ -c -g -O2  conftest.cc >&5
configure:5414: $? = 0
configure:5418: /usr/bin/nm -B conftest.o \| sed -n -e 's/^.*[ 	]\([ABCDGISTW][ABCDGISTW]*\)[ 	][ 	]*\(_\)\([_A-Za-z][_A-Za-z0-9]*\)$/\1 \2\3 \3/p' \> conftest.nm
configure:5421: $? = 0
configure:5473: g++ -o conftest.exe -g -O2   conftest.cc conftstm.o >&5
configure:5476: $? = 0
configure:5514: result: ok
configure:5518: checking for objdir
configure:5533: result: .libs
configure:5623: checking for ranlib
configure:5639: found /usr/bin/ranlib
configure:5650: result: ranlib
configure:5703: checking for strip
configure:5719: found /usr/bin/strip
configure:5730: result: strip
configure:5992: checking if gcc static flag  works
configure:6015: result: yes
configure:6032: checking if gcc supports -fno-rtti -fno-exceptions
configure:6053: gcc -c -g -O2  -fno-rtti -fno-exceptions conftest.c >&5
configure:6057: $? = 0
configure:6065: result: yes
configure:6080: checking for gcc option to produce PIC
configure:6250: result: 
configure:6314: checking if gcc supports -c -o file.o
configure:6345: gcc -c -g -O2  -o out/conftest2.o conftest.c >&5
configure:6349: $? = 0
configure:6363: result: yes
configure:6389: checking whether the gcc linker (/usr/i686-pc-cygwin/bin/ld.exe) supports shared libraries
configure:7162: result: yes
configure:7188: checking whether -lc should be explicitly linked in
configure:7193: gcc -c -g -O2  conftest.c >&5
configure:7196: $? = 0
configure:7210: gcc -shared conftest.o  -v -o ./conftest -Wl,--image-base=0x10000000 -Wl,--out-implib,conftest 2\>\&1 \| grep  -lc  \>/dev/null 2\>\&1
configure:7213: $? = 1
configure:7225: result: yes
configure:7233: checking how to hardcode library paths into programs
configure:7257: result: immediate
configure:7271: checking whether stripping libraries is possible
configure:7276: result: yes
configure:7283: checking dynamic linker characteristics
configure:7783: result: Win32 ld.exe
configure:8441: checking if libtool supports shared libraries
configure:8443: result: yes
configure:8446: checking whether to build shared libraries
configure:8467: result: yes
configure:8470: checking whether to build static libraries
configure:8474: result: no
configure:8555: creating libtool
configure:9108: checking whether the g++ linker (/usr/i686-pc-cygwin/bin/ld.exe) supports shared libraries
configure:9888: result: yes
configure:9906: g++ -c -g -O2  conftest.cc >&5
configure:9909: $? = 0
configure:10005: checking for g++ option to produce PIC
configure:10257: result: 
configure:10321: checking if g++ supports -c -o file.o
configure:10352: g++ -c -g -O2  -o out/conftest2.o conftest.cc >&5
configure:10356: $? = 0
configure:10370: result: yes
configure:10396: checking whether the g++ linker (/usr/i686-pc-cygwin/bin/ld.exe) supports shared libraries
configure:10421: result: yes
configure:10492: checking how to hardcode library paths into programs
configure:10516: result: immediate
configure:10530: checking whether stripping libraries is possible
configure:10535: result: yes
configure:10542: checking dynamic linker characteristics
configure:11042: result: Win32 ld.exe
configure:12139: checking if libtool supports shared libraries
configure:12141: result: yes
configure:12144: checking whether to build shared libraries
configure:12162: result: yes
configure:12165: checking whether to build static libraries
configure:12169: result: no
configure:12181: checking for g77 option to produce PIC
configure:12351: result: 
configure:12415: checking if g77 supports -c -o file.o
configure:12446: g77 -c -g -O2 -o out/conftest2.o conftest.f >&5
configure:12450: $? = 0
configure:12464: result: yes
configure:12490: checking whether the g77 linker (/usr/i686-pc-cygwin/bin/ld.exe) supports shared libraries
configure:13241: result: yes
configure:13312: checking how to hardcode library paths into programs
configure:13336: result: immediate
configure:13350: checking whether stripping libraries is possible
configure:13355: result: yes
configure:13362: checking dynamic linker characteristics
configure:13862: result: Win32 ld.exe

## ---------------- ##
## Cache variables. ##
## ---------------- ##

ac_cv_build=i686-pc-cygwin
ac_cv_build_alias=i686-pc-cygwin
ac_cv_c_compiler_gnu=yes
ac_cv_cxx_compiler_gnu=yes
ac_cv_env_CC_set=
ac_cv_env_CC_value=
ac_cv_env_CFLAGS_set=
ac_cv_env_CFLAGS_value=
ac_cv_env_CPPFLAGS_set=
ac_cv_env_CPPFLAGS_value=
ac_cv_env_CPP_set=
ac_cv_env_CPP_value=
ac_cv_env_CXXCPP_set=
ac_cv_env_CXXCPP_value=
ac_cv_env_CXXFLAGS_set=
ac_cv_env_CXXFLAGS_value=
ac_cv_env_CXX_set=
ac_cv_env_CXX_value=
ac_cv_env_F77_set=
ac_cv_env_F77_value=
ac_cv_env_FFLAGS_set=
ac_cv_env_FFLAGS_value=
ac_cv_env_LDFLAGS_set=
ac_cv_env_LDFLAGS_value=
ac_cv_env_build_alias_set=
ac_cv_env_build_alias_value=
ac_cv_env_host_alias_set=
ac_cv_env_host_alias_value=
ac_cv_env_target_alias_set=
ac_cv_env_target_alias_value=
ac_cv_exeext=.exe
ac_cv_f77_compiler_gnu=yes
ac_cv_header_dlfcn_h=yes
ac_cv_header_inttypes_h=no
ac_cv_header_memory_h=yes
ac_cv_header_stdc=yes
ac_cv_header_stdint_h=no
ac_cv_header_stdlib_h=yes
ac_cv_header_string_h=yes
ac_cv_header_strings_h=yes
ac_cv_header_sys_stat_h=yes
ac_cv_header_sys_types_h=yes
ac_cv_header_unistd_h=yes
ac_cv_host=i686-pc-cygwin
ac_cv_host_alias=i686-pc-cygwin
ac_cv_objext=o
ac_cv_path_install='/usr/bin/install -c'
ac_cv_prog_AWK=gawk
ac_cv_prog_CPP='gcc -E'
ac_cv_prog_CXXCPP='g++ -E'
ac_cv_prog_ac_ct_CC=gcc
ac_cv_prog_ac_ct_CXX=g++
ac_cv_prog_ac_ct_F77=g77
ac_cv_prog_ac_ct_RANLIB=ranlib
ac_cv_prog_ac_ct_STRIP=strip
ac_cv_prog_cc_g=yes
ac_cv_prog_cc_stdc=
ac_cv_prog_cxx_g=yes
ac_cv_prog_egrep='grep -E'
ac_cv_prog_f77_g=yes
ac_cv_prog_make_make_set=yes
ac_cv_target=i686-pc-cygwin
ac_cv_target_alias=i686-pc-cygwin
am_cv_CC_dependencies_compiler_type=gcc3
am_cv_CXX_dependencies_compiler_type=gcc3
lt_cv_deplibs_check_method='file_magic ^x86 archive import|^x86 DLL'
lt_cv_file_magic_cmd=win32_libid
lt_cv_file_magic_test_file=
lt_cv_ld_reload_flag=-r
lt_cv_objdir=.libs
lt_cv_path_LD=/usr/i686-pc-cygwin/bin/ld.exe
lt_cv_path_NM='/usr/bin/nm -B'
lt_cv_path_SED=/usr/bin/sed
lt_cv_prog_compiler_c_o=yes
lt_cv_prog_compiler_c_o_CXX=yes
lt_cv_prog_compiler_c_o_F77=yes
lt_cv_prog_compiler_rtti_exceptions=yes
lt_cv_prog_gnu_ld=yes
lt_cv_sys_global_symbol_pipe='sed -n -e '\''s/^.*[ 	]\([ABCDGISTW][ABCDGISTW]*\)[ 	][ 	]*\(_\)\([_A-Za-z][_A-Za-z0-9]*\)$/\1 \2\3 \3/p'\'''
lt_cv_sys_global_symbol_to_c_name_address='sed -n -e '\''s/^: \([^ ]*\) $/  {\"\1\", (lt_ptr) 0},/p'\'' -e '\''s/^[BCDEGRST] \([^ ]*\) \([^ ]*\)$/  {"\2", (lt_ptr) \&\2},/p'\'''
lt_cv_sys_global_symbol_to_cdecl='sed -n -e '\''s/^. .* \(.*\)$/extern int \1;/p'\'''
lt_cv_sys_max_cmd_len=8192
lt_lt_cv_prog_compiler_c_o='"yes"'
lt_lt_cv_prog_compiler_c_o_CXX='"yes"'
lt_lt_cv_prog_compiler_c_o_F77='"yes"'
lt_lt_cv_sys_global_symbol_pipe='"sed -n -e '\''s/^.*[ 	]\\([ABCDGISTW][ABCDGISTW]*\\)[ 	][ 	]*\\(_\\)\\([_A-Za-z][_A-Za-z0-9]*\\)\$/\\1 \\2\\3 \\3/p'\''"'
lt_lt_cv_sys_global_symbol_to_c_name_address='"sed -n -e '\''s/^: \\([^ ]*\\) \$/  {\\\"\\1\\\", (lt_ptr) 0},/p'\'' -e '\''s/^[BCDEGRST] \\([^ ]*\\) \\([^ ]*\\)\$/  {\"\\2\", (lt_ptr) \\&\\2},/p'\''"'
lt_lt_cv_sys_global_symbol_to_cdecl='"sed -n -e '\''s/^. .* \\(.*\\)\$/extern int \\1;/p'\''"'

## ----------------- ##
## Output variables. ##
## ----------------- ##

ACLOCAL='${SHELL} /cygdrive/c/Daten/Stefan/projs/dime/cfg/missing --run aclocal-1.7'
AMDEPBACKSLASH='\'
AMDEP_FALSE='#'
AMDEP_TRUE=''
AMTAR='${SHELL} /cygdrive/c/Daten/Stefan/projs/dime/cfg/missing --run tar'
AUTOCONF='${SHELL} /cygdrive/c/Daten/Stefan/projs/dime/cfg/missing --run autoconf'
AUTOHEADER='${SHELL} /cygdrive/c/Daten/Stefan/projs/dime/cfg/missing --run autoheader'
AUTOMAKE='${SHELL} /cygdrive/c/Daten/Stefan/projs/dime/cfg/missing --run automake-1.7'
AWK='gawk'
BUILD_WITH_MSVC='false'
CC='gcc'
CCDEPMODE='depmode=gcc3'
CFLAGS='-g -O2'
CPP='gcc -E'
CPPFLAGS=' -DDIME_INTERNAL'
CXX='g++'
CXXCPP='g++ -E'
CXXDEPMODE='depmode=gcc3'
CXXFLAGS='-g -O2'
CYGPATH_W='cygpath -w'
DEFS=''
DEPDIR='.deps'
DIME_BETA_VERSION='1'
DIME_BINARY_AGE='0'
DIME_COMPILER=''
DIME_EXTRA_CFLAGS='-g -O2'
DIME_EXTRA_CPPFLAGS=''
DIME_EXTRA_CXXFLAGS='-g -O2'
DIME_EXTRA_LDFLAGS=''
DIME_EXTRA_LIBS=''
DIME_INTERFACE_AGE='0'
DIME_MAJOR_VERSION='0'
DIME_MICRO_VERSION='1'
DIME_MINOR_VERSION='9'
DIME_VERSION='0.9.1'
ECHO='echo'
ECHO_C=''
ECHO_N='-n'
ECHO_T=''
EGREP='grep -E'
EXEEXT='.exe'
F77='g77'
FFLAGS='-g -O2'
INSTALL_DATA='${INSTALL} -m 644'
INSTALL_PROGRAM='${INSTALL}'
INSTALL_SCRIPT='${INSTALL}'
INSTALL_STRIP_PROGRAM='${SHELL} $(install_sh) -c -s'
LDFLAGS=''
LIBFLAGS=''
LIBOBJS=''
LIBS=''
LIBTOOL='$(SHELL) $(top_builddir)/libtool'
LN_S='ln -s'
LTLIBOBJS=''
LT_AGE='0'
LT_CURRENT='1'
LT_RELEASE='0.9'
LT_REVISION='0'
MAINT='#'
MAINTAINER_MODE_FALSE=''
MAINTAINER_MODE_TRUE='#'
MAKEINFO='${SHELL} /cygdrive/c/Daten/Stefan/projs/dime/cfg/missing --run makeinfo'
OBJEXT='o'
PACKAGE='libdime'
PACKAGE_BUGREPORT='dime-support@coin3d.org'
PACKAGE_NAME='dime'
PACKAGE_STRING='dime 0.9.1'
PACKAGE_TARNAME='dime'
PACKAGE_VERSION='0.9.1'
PATH_SEPARATOR=':'
RANLIB='ranlib'
SET_MAKE=''
SHELL='/bin/bash'
STRIP='strip'
SUFFIX=''
VERSION='0.9.1'
ac_ct_CC='gcc'
ac_ct_CXX='g++'
ac_ct_F77='g77'
ac_ct_RANLIB='ranlib'
ac_ct_STRIP='strip'
am__fastdepCC_FALSE='#'
am__fastdepCC_TRUE=''
am__fastdepCXX_FALSE='#'
am__fastdepCXX_TRUE=''
am__include='include'
am__leading_dot='.'
am__quote=''
bindir='${exec_prefix}/bin'
build='i686-pc-cygwin'
build_alias=''
build_cpu='i686'
build_os='cygwin'
build_vendor='pc'
datadir='${prefix}/share'
exec_prefix='NONE'
host='i686-pc-cygwin'
host_alias=''
host_cpu='i686'
host_os='cygwin'
host_vendor='pc'
includedir='${prefix}/include'
infodir='${prefix}/info'
install_sh='/cygdrive/c/Daten/Stefan/projs/dime/cfg/install-sh'
libdir='${exec_prefix}/lib'
libexecdir='${exec_prefix}/libexec'
localstatedir='${prefix}/var'
mandir='${prefix}/man'
oldincludedir='/usr/include'
prefix='NONE'
program_transform_name='s,x,x,'
sbindir='${exec_prefix}/sbin'
sharedstatedir='${prefix}/com'
sysconfdir='${prefix}/etc'
target='i686-pc-cygwin'
target_alias=''
target_cpu='i686'
target_os='cygwin'
target_vendor='pc'

## ----------- ##
## confdefs.h. ##
## ----------- ##

#define HAVE_DLFCN_H 1
#define HAVE_MEMORY_H 1
#define HAVE_STDLIB_H 1
#define HAVE_STRINGS_H 1
#define HAVE_STRING_H 1
#define HAVE_SYS_STAT_H 1
#define HAVE_SYS_TYPES_H 1
#define HAVE_UNISTD_H 1
#define PACKAGE "libdime"
#define PACKAGE_BUGREPORT "dime-support@coin3d.org"
#define PACKAGE_NAME "dime"
#define PACKAGE_STRING "dime 0.9.1"
#define PACKAGE_TARNAME "dime"
#define PACKAGE_VERSION "0.9.1"
#define STDC_HEADERS 1
#define VERSION "0.9.1"
#endif
#ifdef __cplusplus
#include <stdlib.h>

configure: exit 258
